<?xml version="1.0" encoding="UTF-8"?>
<!-- Generated by org.testng.reporters.JUnitReportReporter -->
<testsuite skipped="0" hostname="Parixat" name="testCase.TC_002_AccountLogin" tests="1" failures="0" timestamp="2021-08-14T15:51:32 CDT" time="3.944" errors="0">
  <testcase name="test_account_loin" time="3.944" classname="testCase.TC_002_AccountLogin"/>
  <system-out/>
</testsuite> <!-- testCase.TC_002_AccountLogin -->
