<?xml version="1.0" encoding="UTF-8"?>
<!-- Generated by org.testng.reporters.JUnitReportReporter -->
<testsuite skipped="0" hostname="Parixat" name="testCase.TC_001_AccountRegistraion" tests="1" failures="0" timestamp="2021-08-14T15:51:32 CDT" time="10.549" errors="0">
  <testcase name="test_account_registration" time="10.549" classname="testCase.TC_001_AccountRegistraion"/>
  <system-out/>
</testsuite> <!-- testCase.TC_001_AccountRegistraion -->
