<?xml version="1.0" encoding="UTF-8"?>
<!-- Generated by org.testng.reporters.JUnitReportReporter -->
<testsuite skipped="0" hostname="Parixat" name="testCase.TC_001_AccountRegistration" tests="1" failures="0" timestamp="2021-08-09T18:36:43 CDT" time="3.803" errors="0">
  <testcase name="test_account_Registration" time="3.803" classname="testCase.TC_001_AccountRegistration"/>
  <system-out/>
</testsuite> <!-- testCase.TC_001_AccountRegistration -->
