<?xml version="1.0" encoding="UTF-8"?>
<!-- Generated by org.testng.reporters.JUnitReportReporter -->
<testsuite hostname="Parixat" failures="0" tests="1" name="testCase.TC_001_AccountRegistraion" time="8.415" errors="0" timestamp="2021-08-14T23:37:38 CDT" skipped="0">
  <testcase classname="testCase.TC_001_AccountRegistraion" name="test_account_registration" time="8.415"/>
  <system-out/>
</testsuite> <!-- testCase.TC_001_AccountRegistraion -->
