<?xml version="1.0" encoding="UTF-8"?>
<!-- Generated by org.testng.reporters.JUnitReportReporter -->
<testsuite hostname="Parixat" failures="0" tests="1" name="testCase.TC_002_AccountLogin" time="3.284" errors="0" timestamp="2021-08-14T23:37:38 CDT" skipped="0">
  <testcase classname="testCase.TC_002_AccountLogin" name="test_account_loin" time="3.284"/>
  <system-out/>
</testsuite> <!-- testCase.TC_002_AccountLogin -->
